[0.006s] Invoking command in '/root/ros_ws/build/cpp_pubsub': CMAKE_PREFIX_PATH=/opt/ros/humble /usr/bin/cmake --build /root/ros_ws/build/cpp_pubsub -- -j32 -l32
[0.021s] -- Found ament_cmake: 1.3.10 (/opt/ros/humble/share/ament_cmake/cmake)
[0.083s] -- Found ament_lint_auto: 0.12.11 (/opt/ros/humble/share/ament_lint_auto/cmake)
[0.124s] -- Added test 'cppcheck' to perform static code analysis on C / C++ code
[0.124s] -- Configured cppcheck include dirs: 
[0.124s] -- Configured cppcheck exclude dirs and/or files: 
[0.125s] -- Added test 'lint_cmake' to check CMake code style
[0.125s] -- Added test 'uncrustify' to check C / C++ code style
[0.125s] -- Configured uncrustify additional arguments: 
[0.126s] -- Added test 'xmllint' to check XML markup files
[0.127s] -- Found rclcpp: 16.0.10 (/opt/ros/humble/share/rclcpp/cmake)
[0.156s] -- Found rosidl_generator_c: 3.1.5 (/opt/ros/humble/share/rosidl_generator_c/cmake)
[0.159s] -- Found rosidl_adapter: 3.1.5 (/opt/ros/humble/share/rosidl_adapter/cmake)
[0.165s] -- Found rosidl_generator_cpp: 3.1.5 (/opt/ros/humble/share/rosidl_generator_cpp/cmake)
[0.173s] -- Using all available rosidl_typesupport_c: rosidl_typesupport_fastrtps_c;rosidl_typesupport_introspection_c
[0.183s] -- Using all available rosidl_typesupport_cpp: rosidl_typesupport_fastrtps_cpp;rosidl_typesupport_introspection_cpp
[0.211s] -- Found rmw_implementation_cmake: 6.1.2 (/opt/ros/humble/share/rmw_implementation_cmake/cmake)
[0.213s] -- Found rmw_fastrtps_cpp: 6.2.7 (/opt/ros/humble/share/rmw_fastrtps_cpp/cmake)
[0.276s] -- Found OpenSSL: /usr/lib/x86_64-linux-gnu/libcrypto.so (found version "3.0.2")  
[0.292s] -- Found FastRTPS: /opt/ros/humble/include  
[0.317s] -- Using RMW implementation 'rmw_fastrtps_cpp' as default
[0.324s] -- Looking for pthread.h
[0.372s] -- Looking for pthread.h - found
[0.372s] -- Performing Test CMAKE_HAVE_LIBC_PTHREAD
[0.415s] -- Performing Test CMAKE_HAVE_LIBC_PTHREAD - Success
[0.416s] -- Found Threads: TRUE  
[0.447s] -- Configuring done
[0.454s] -- Generating done
[0.456s] -- Build files have been written to: /root/ros_ws/build/cpp_pubsub
[0.475s] [ 50%] [32mBuilding CXX object CMakeFiles/talker.dir/src/publisher_member_function.cpp.o[0m
[0.698s] [01m[K/root/ros_ws/src/cpp_pubsub/src/publisher_member_function.cpp:23:10:[m[K [01;31m[Kfatal error: [m[Kgeometry_msgs/msg/twist.hpp: No such file or directory
[0.698s]    23 | #include [01;31m[K"geometry_msgs/msg/twist.hpp"[m[K
[0.698s]       |          [01;31m[K^~~~~~~~~~~~~~~~~~~~~~~~~~~~~[m[K
[0.698s] compilation terminated.
[0.700s] gmake[2]: *** [CMakeFiles/talker.dir/build.make:76: CMakeFiles/talker.dir/src/publisher_member_function.cpp.o] Error 1
[0.701s] gmake[1]: *** [CMakeFiles/Makefile2:137: CMakeFiles/talker.dir/all] Error 2
[0.701s] gmake: *** [Makefile:146: all] Error 2
[0.702s] Invoked command in '/root/ros_ws/build/cpp_pubsub' returned '2': CMAKE_PREFIX_PATH=/opt/ros/humble /usr/bin/cmake --build /root/ros_ws/build/cpp_pubsub -- -j32 -l32
